<?xml version="1.0" encoding="UTF-8" ?>
<testsuites>
  <testsuite errors="0" failures="0" hostname="RSNPLALT538" id="0" name="TekEventSpec" package="com.tekdays" tests="1" time="0.959" timestamp="2014-02-06T22:39:21">
      <properties />

      <testcase classname="com.tekdays.TekEventSpec" name="test toString()" time="0.919" />

      <system-out><![CDATA[--Output from test toString()--
]]></system-out>

      <system-err><![CDATA[--Output from test toString()--
]]></system-err>

  </testsuite>
</testsuites>
